The system is: Windows - 10.0.22000 - AMD64
Compiling the CXX compiler identification source file "CMakeCXXCompilerId.cpp" succeeded.
Compiler:  
Build flags: 
Id flags:  

The output was:
0
Microsoft(R) Build Engine versão 17.2.1+52cd2da31 para .NET Framework 
Copyright (C) Microsoft Corporation. Todos os direitos reservados.

Compilação de 17/06/2022 09:31:11 iniciada.
Projeto "C:\projects\barbershop_app\build\windows\CMakeFiles\3.22.22040401-MSVC_2\CompilerIdCXX\CompilerIdCXX.vcxproj" no nó 1 (destinos padrão).
PrepareForBuild:
  Criando o diretório "Debug\".
  Criando o diretório "Debug\CompilerIdCXX.tlog\".
InitializeBuildStatus:
  Criando "Debug\CompilerIdCXX.tlog\unsuccessfulbuild" porque "AlwaysCreate" foi especificado.
VcpkgTripletSelection:
  Using triplet "x64-windows" from "C:\Users\lawok\source\repos\Test3\Test3\vcpkg\installed\x64-windows\"
ClCompile:
  C:\Program Files\Microsoft Visual Studio\2022\Community\VC\Tools\MSVC\14.32.31326\bin\HostX64\x64\CL.exe /c /I"C:\Users\lawok\source\repos\Test3\Test3\vcpkg\installed\x64-windows\include" /nologo /W0 /WX- /diagnostics:column /Od /D _MBCS /Gm- /EHsc /RTC1 /MDd /GS /fp:precise /Zc:wchar_t /Zc:forScope /Zc:inline /Fo"Debug\\" /Fd"Debug\vc143.pdb" /external:W0 /Gd /TP /FC /errorReport:queue CMakeCXXCompilerId.cpp
  CMakeCXXCompilerId.cpp
Link:
  C:\Program Files\Microsoft Visual Studio\2022\Community\VC\Tools\MSVC\14.32.31326\bin\HostX64\x64\link.exe /ERRORREPORT:QUEUE /OUT:".\CompilerIdCXX.exe" /INCREMENTAL:NO /NOLOGO /LIBPATH:"C:\Users\lawok\source\repos\Test3\Test3\vcpkg\installed\x64-windows\debug\lib" /LIBPATH:"C:\Users\lawok\source\repos\Test3\Test3\vcpkg\installed\x64-windows\debug\lib\manual-link" kernel32.lib user32.lib gdi32.lib winspool.lib comdlg32.lib advapi32.lib shell32.lib ole32.lib oleaut32.lib uuid.lib odbc32.lib odbccp32.lib "C:\Users\lawok\source\repos\Test3\Test3\vcpkg\installed\x64-windows\debug\lib\*.lib" /MANIFEST /MANIFESTUAC:"level='asInvoker' uiAccess='false'" /manifest:embed /PDB:".\CompilerIdCXX.pdb" /SUBSYSTEM:CONSOLE /TLBID:1 /DYNAMICBASE /NXCOMPAT /IMPLIB:".\CompilerIdCXX.lib" /MACHINE:X64 Debug\CMakeCXXCompilerId.obj
  CompilerIdCXX.vcxproj -> C:\projects\barbershop_app\build\windows\CMakeFiles\3.22.22040401-MSVC_2\CompilerIdCXX\CompilerIdCXX.exe
AppLocalFromInstalled:
  pwsh.exe -ExecutionPolicy Bypass -noprofile -File "C:\Users\lawok\source\repos\Test3\Test3\vcpkg\scripts\buildsystems\msbuild\applocal.ps1" "C:\projects\barbershop_app\build\windows\CMakeFiles\3.22.22040401-MSVC_2\CompilerIdCXX\CompilerIdCXX.exe" "C:\Users\lawok\source\repos\Test3\Test3\vcpkg\installed\x64-windows\debug\bin" "Debug\CompilerIdCXX.tlog\CompilerIdCXX.write.1u.tlog" "Debug\vcpkg.applocal.log"
  'pwsh.exe' não é reconhecido como um comando interno
  ou externo, um programa operável ou um arquivo em lotes.
  O comando "pwsh.exe -ExecutionPolicy Bypass -noprofile -File "C:\Users\lawok\source\repos\Test3\Test3\vcpkg\scripts\buildsystems\msbuild\applocal.ps1" "C:\projects\barbershop_app\build\windows\CMakeFiles\3.22.22040401-MSVC_2\CompilerIdCXX\CompilerIdCXX.exe" "C:\Users\lawok\source\repos\Test3\Test3\vcpkg\installed\x64-windows\debug\bin" "Debug\CompilerIdCXX.tlog\CompilerIdCXX.write.1u.tlog" "Debug\vcpkg.applocal.log"" foi encerrado com o código 9009.
  "C:\Windows\System32\WindowsPowerShell\v1.0\powershell.exe" -ExecutionPolicy Bypass -noprofile -File "C:\Users\lawok\source\repos\Test3\Test3\vcpkg\scripts\buildsystems\msbuild\applocal.ps1" "C:\projects\barbershop_app\build\windows\CMakeFiles\3.22.22040401-MSVC_2\CompilerIdCXX\CompilerIdCXX.exe" "C:\Users\lawok\source\repos\Test3\Test3\vcpkg\installed\x64-windows\debug\bin" "Debug\CompilerIdCXX.tlog\CompilerIdCXX.write.1u.tlog" "Debug\vcpkg.applocal.log"
PostBuildEvent:
  for %%i in (cl.exe) do @echo CMAKE_CXX_COMPILER=%%~$PATH:i
  :VCEnd
  CMAKE_CXX_COMPILER=C:\Program Files\Microsoft Visual Studio\2022\Community\VC\Tools\MSVC\14.32.31326\bin\Hostx64\x64\cl.exe
FinalizeBuildStatus:
  Excluindo o arquivo "Debug\CompilerIdCXX.tlog\unsuccessfulbuild".
  Tocando "Debug\CompilerIdCXX.tlog\CompilerIdCXX.lastbuildstate".
Projeto de compilação pronto "C:\projects\barbershop_app\build\windows\CMakeFiles\3.22.22040401-MSVC_2\CompilerIdCXX\CompilerIdCXX.vcxproj" (destinos padrão).

Compilação com êxito.
    0 Aviso(s)
    0 Erro(s)

Tempo Decorrido 00:00:07.94


Compilation of the CXX compiler identification source "CMakeCXXCompilerId.cpp" produced "CompilerIdCXX.exe"

Compilation of the CXX compiler identification source "CMakeCXXCompilerId.cpp" produced "CompilerIdCXX.vcxproj"

The CXX compiler identification is MSVC, found in "C:/projects/barbershop_app/build/windows/CMakeFiles/3.22.22040401-MSVC_2/CompilerIdCXX/CompilerIdCXX.exe"

Detecting CXX compiler ABI info compiled with the following output:
Change Dir: C:/projects/barbershop_app/build/windows/CMakeFiles/CMakeTmp

Run Build Command(s):C:/Program Files/Microsoft Visual Studio/2022/Community/MSBuild/Current/Bin/amd64/MSBuild.exe cmTC_66ad9.vcxproj /p:Configuration=Debug /p:Platform=x64 /p:VisualStudioVersion=17.0 /v:m && Microsoft(R) Build Engine versão 17.2.1+52cd2da31 para .NET Framework 
Copyright (C) Microsoft Corporation. Todos os direitos reservados.

  Microsoft (R) C/C++ Optimizing Compiler Versão 19.32.31329 para x64
  Copyright (C) Microsoft Corporation. Todos os direitos reservados.
  CMakeCXXCompilerABI.cpp
  cl /c /I"C:\Users\lawok\source\repos\Test3\Test3\vcpkg\installed\x64-windows\include" /Zi /W3 /WX- /diagnostics:column /Od /Ob0 /D _MBCS /D WIN32 /D _WINDOWS /D "CMAKE_INTDIR=\"Debug\"" /Gm- /EHsc /RTC1 /MDd /GS /fp:precise /Zc:wchar_t /Zc:forScope /Zc:inline /GR /Fo"cmTC_66ad9.dir\Debug\\" /Fd"cmTC_66ad9.dir\Debug\vc143.pdb" /external:W3 /Gd /TP /errorReport:queue "C:\Program Files\Microsoft Visual Studio\2022\Community\Common7\IDE\CommonExtensions\Microsoft\CMake\CMake\share\cmake-3.22\Modules\CMakeCXXCompilerABI.cpp"
  cmTC_66ad9.vcxproj -> C:\projects\barbershop_app\build\windows\CMakeFiles\CMakeTmp\Debug\cmTC_66ad9.exe



